# JRE version: Java(TM) SE Runtime Environment (14.0.2+12) (build 14.0.2+12-46)
# Java VM: Java HotSpot(TM) 64-Bit Server VM (14.0.2+12-46, mixed mode, sharing, tiered, compressed oops, g1 gc, windows-amd64)
Heap:
 garbage-first heap   total 523264K, used 324096K [0x00000000e0000000, 0x0000000100000000)
  region size 1024K, 49 young (50176K), 7 survivors (7168K)
 Metaspace       used 150123K, capacity 154560K, committed 154732K, reserved 389120K
  class space    used 18724K, capacity 20382K, committed 20428K, reserved 253952K
GC Heap History (20 events):
Event: 1149.726 GC heap before
{Heap before GC invocations=82 (full 0):
 garbage-first heap   total 478208K, used 345818K [0x00000000e0000000, 0x0000000100000000)
  region size 1024K, 176 young (180224K), 7 survivors (7168K)
 Metaspace       used 149261K, capacity 153674K, committed 153836K, reserved 389120K
  class space    used 18646K, capacity 20296K, committed 20300K, reserved 253952K
}
Event: 1149.742 GC heap after
{Heap after GC invocations=83 (full 0):
 garbage-first heap   total 478208K, used 176081K [0x00000000e0000000, 0x0000000100000000)
  region size 1024K, 10 young (10240K), 10 survivors (10240K)
 Metaspace       used 149261K, capacity 153674K, committed 153836K, reserved 389120K
  class space    used 18646K, capacity 20296K, committed 20300K, reserved 253952K
}
Event: 1151.023 GC heap before
{Heap before GC invocations=84 (full 0):
 garbage-first heap   total 478208K, used 358353K [0x00000000e0000000, 0x0000000100000000)
  region size 1024K, 188 young (192512K), 10 survivors (10240K)
 Metaspace       used 149274K, capacity 153674K, committed 153836K, reserved 389120K
  class space    used 18647K, capacity 20296K, committed 20300K, reserved 253952K
}
Event: 1151.038 GC heap after
{Heap after GC invocations=85 (full 0):
 garbage-first heap   total 478208K, used 177152K [0x00000000e0000000, 0x0000000100000000)
  region size 1024K, 11 young (11264K), 11 survivors (11264K)
 Metaspace       used 149274K, capacity 153674K, committed 153836K, reserved 389120K
  class space    used 18647K, capacity 20296K, committed 20300K, reserved 253952K
}
Event: 1151.977 GC heap before
{Heap before GC invocations=85 (full 0):
 garbage-first heap   total 478208K, used 367616K [0x00000000e0000000, 0x0000000100000000)
  region size 1024K, 197 young (201728K), 11 survivors (11264K)
 Metaspace       used 149282K, capacity 153674K, committed 153836K, reserved 389120K
  class space    used 18647K, capacity 20296K, committed 20300K, reserved 253952K
}
Event: 1151.997 GC heap after
{Heap after GC invocations=86 (full 0):
 garbage-first heap   total 478208K, used 179682K [0x00000000e0000000, 0x0000000100000000)
  region size 1024K, 14 young (14336K), 14 survivors (14336K)
 Metaspace       used 149282K, capacity 153674K, committed 153836K, reserved 389120K
  class space    used 18647K, capacity 20296K, committed 20300K, reserved 253952K
}
Event: 1153.234 GC heap before
{Heap before GC invocations=87 (full 0):
 garbage-first heap   total 478208K, used 376290K [0x00000000e0000000, 0x0000000100000000)
  region size 1024K, 206 young (210944K), 14 survivors (14336K)
 Metaspace       used 149287K, capacity 153674K, committed 153836K, reserved 389120K
  class space    used 18647K, capacity 20296K, committed 20300K, reserved 253952K
}
Event: 1153.260 GC heap after
{Heap after GC invocations=88 (full 0):
 garbage-first heap   total 478208K, used 180224K [0x00000000e0000000, 0x0000000100000000)
  region size 1024K, 14 young (14336K), 14 survivors (14336K)
 Metaspace       used 149287K, capacity 153674K, committed 153836K, reserved 389120K
  class space    used 18647K, capacity 20296K, committed 20300K, reserved 253952K
}
Event: 1154.019 GC heap before
{Heap before GC invocations=88 (full 0):
 garbage-first heap   total 478208K, used 337920K [0x00000000e0000000, 0x0000000100000000)
  region size 1024K, 170 young (174080K), 14 survivors (14336K)
 Metaspace       used 149328K, capacity 153747K, committed 153836K, reserved 389120K
  class space    used 18647K, capacity 20296K, committed 20300K, reserved 253952K
}
Event: 1154.049 GC heap after
{Heap after GC invocations=89 (full 0):
 garbage-first heap   total 478208K, used 187392K [0x00000000e0000000, 0x0000000100000000)
  region size 1024K, 21 young (21504K), 21 survivors (21504K)
 Metaspace       used 149328K, capacity 153747K, committed 153836K, reserved 389120K
  class space    used 18647K, capacity 20296K, committed 20300K, reserved 253952K
}
Event: 1154.766 GC heap before
{Heap before GC invocations=90 (full 0):
 garbage-first heap   total 478208K, used 254976K [0x00000000e0000000, 0x0000000100000000)
  region size 1024K, 78 young (79872K), 21 survivors (21504K)
 Metaspace       used 149395K, capacity 153768K, committed 153836K, reserved 389120K
  class space    used 18651K, capacity 20300K, committed 20300K, reserved 253952K
}
Event: 1154.809 GC heap after
{Heap after GC invocations=91 (full 0):
 garbage-first heap   total 478208K, used 189055K [0x00000000e0000000, 0x0000000100000000)
  region size 1024K, 10 young (10240K), 10 survivors (10240K)
 Metaspace       used 149395K, capacity 153768K, committed 153836K, reserved 389120K
  class space    used 18651K, capacity 20300K, committed 20300K, reserved 253952K
}
Event: 1156.387 GC heap before
{Heap before GC invocations=92 (full 0):
 garbage-first heap   total 478208K, used 414335K [0x00000000e0000000, 0x0000000100000000)
  region size 1024K, 209 young (214016K), 10 survivors (10240K)
 Metaspace       used 149528K, capacity 153924K, committed 154220K, reserved 389120K
  class space    used 18663K, capacity 20308K, committed 20428K, reserved 253952K
}
Event: 1156.523 GC heap after
{Heap after GC invocations=93 (full 0):
 garbage-first heap   total 494592K, used 262144K [0x00000000e0000000, 0x0000000100000000)
  region size 1024K, 27 young (27648K), 27 survivors (27648K)
 Metaspace       used 149528K, capacity 153924K, committed 154220K, reserved 389120K
  class space    used 18663K, capacity 20308K, committed 20428K, reserved 253952K
}
Event: 1156.606 GC heap before
{Heap before GC invocations=93 (full 0):
 garbage-first heap   total 494592K, used 263168K [0x00000000e0000000, 0x0000000100000000)
  region size 1024K, 28 young (28672K), 27 survivors (27648K)
 Metaspace       used 149528K, capacity 153924K, committed 154220K, reserved 389120K
  class space    used 18663K, capacity 20308K, committed 20428K, reserved 253952K
}
Event: 1156.743 GC heap after
{Heap after GC invocations=94 (full 0):
 garbage-first heap   total 494592K, used 239616K [0x00000000e0000000, 0x0000000100000000)
  region size 1024K, 2 young (2048K), 2 survivors (2048K)
 Metaspace       used 149528K, capacity 153924K, committed 154220K, reserved 389120K
  class space    used 18663K, capacity 20308K, committed 20428K, reserved 253952K
}
Event: 1157.960 GC heap before
{Heap before GC invocations=94 (full 0):
 garbage-first heap   total 494592K, used 381952K [0x00000000e0000000, 0x0000000100000000)
  region size 1024K, 134 young (137216K), 2 survivors (2048K)
 Metaspace       used 149822K, capacity 154230K, committed 154476K, reserved 389120K
  class space    used 18677K, capacity 20316K, committed 20428K, reserved 253952K
}
Event: 1158.000 GC heap after
{Heap after GC invocations=95 (full 0):
 garbage-first heap   total 494592K, used 269950K [0x00000000e0000000, 0x0000000100000000)
  region size 1024K, 17 young (17408K), 17 survivors (17408K)
 Metaspace       used 149822K, capacity 154230K, committed 154476K, reserved 389120K
  class space    used 18677K, capacity 20316K, committed 20428K, reserved 253952K
}
Event: 1158.769 GC heap before
{Heap before GC invocations=95 (full 0):
 garbage-first heap   total 494592K, used 342654K [0x00000000e0000000, 0x0000000100000000)
  region size 1024K, 90 young (92160K), 17 survivors (17408K)
 Metaspace       used 150097K, capacity 154556K, committed 154732K, reserved 389120K
  class space    used 18723K, capacity 20381K, committed 20428K, reserved 253952K
}
Event: 1158.796 GC heap after
{Heap after GC invocations=96 (full 0):
 garbage-first heap   total 494592K, used 276992K [0x00000000e0000000, 0x0000000100000000)
  region size 1024K, 7 young (7168K), 7 survivors (7168K)
 Metaspace       used 150097K, capacity 154556K, committed 154732K, reserved 389120K
  class space    used 18723K, capacity 20381K, committed 20428K, reserved 253952K
}

